<?xml version="1.0" encoding="UTF-8"?>
<testsuite xmlns:xsi="http://www.w3.org/2001/XMLSchema-instance" xsi:schemaLocation="https://maven.apache.org/surefire/maven-surefire-plugin/xsd/surefire-test-report.xsd" name="es.juntadeandalucia.TramitadoresTest" time="18.678" tests="5" errors="5" skipped="0" failures="0">
  <properties>
[...]
</properties>
  <testcase name="existEmailFieldTest" classname="es.juntadeandalucia.TramitadoresTest" time="0.006">
    <error type="java.lang.ExceptionInInitializerError"><![CDATA[java.lang.ExceptionInInitializerError
	at es.juntadeandalucia.TramitadoresTest.<clinit>(TramitadoresTest.java:13)
Caused by: org.openqa.selenium.remote.ScreenshotException: 
Screen shot has been taken
Build info: version: '3.0.1', revision: '1969d75', time: '2016-10-18 09:49:13 -0700'
System info: host: 'fede-ESPRIMO-P920', ip: '127.0.1.1', os.name: 'Linux', os.arch: 'amd64', os.version: '3.13.0-98-generic', java.version: '1.8.0_101'
Driver info: driver.version: RemoteWebDriver
	at es.juntadeandalucia.TramitadoresTest.<clinit>(TramitadoresTest.java:13)
Caused by: org.openqa.selenium.NoSuchElementException: 
{"errorMessage":"Unable to find element with id 'login'","request":{"headers":{"Accept-Encoding":"gzip,deflate","Connection":"Keep-Alive","Content-Length":"30","Content-Type":"application/json; charset=utf-8","Host":"localhost:25673","User-Agent":"Apache-HttpClient/4.5.2 (Java/1.8.0_101)"},"httpVersion":"1.1","method":"POST","post":"{\"using\":\"id\",\"value\":\"login\"}","url":"/element","urlParsed":{"anchor":"","query":"","file":"element","directory":"/","path":"/element","relative":"/element","port":"","host":"","password":"","user":"","userInfo":"","authority":"","protocol":"","source":"/element","queryKey":{},"chunks":["element"]},"urlOriginal":"/session/7d008b80-f1d3-11e6-af2f-e1059cfc06e2/element"}}
For documentation on this error, please visit: http://seleniumhq.org/exceptions/no_such_element.html
Build info: version: '3.0.1', revision: '1969d75', time: '2016-10-18 09:49:13 -0700'
System info: host: 'fede-ESPRIMO-P920', ip: '127.0.1.1', os.name: 'Linux', os.arch: 'amd64', os.version: '3.13.0-98-generic', java.version: '1.8.0_101'
Driver info: driver.version: unknown
]]></error>
    <system-err><![CDATA[feb 13, 2017 11:02:09 AM org.openqa.selenium.phantomjs.PhantomJSDriverService <init>
INFORMACIÓN: executable: /home/fede/Fujitsu/ARENA_SELENIUM/git/ArenaSeleniumTests/bin/phantomjs
feb 13, 2017 11:02:09 AM org.openqa.selenium.phantomjs.PhantomJSDriverService <init>
INFORMACIÓN: port: 25673
feb 13, 2017 11:02:09 AM org.openqa.selenium.phantomjs.PhantomJSDriverService <init>
INFORMACIÓN: arguments: [--webdriver=25673, --webdriver-logfile=/home/fede/Fujitsu/ARENA_SELENIUM/git/ArenaSeleniumTests/phantomjsdriver.log]
feb 13, 2017 11:02:09 AM org.openqa.selenium.phantomjs.PhantomJSDriverService <init>
INFORMACIÓN: environment: {}
[INFO  - 2017-02-13T10:02:11.482Z] GhostDriver - Main - running on port 25673
feb 13, 2017 11:02:11 AM org.openqa.selenium.remote.ProtocolHandshake createSession
INFORMACIÓN: Attempting bi-dialect session, assuming Postel's Law holds true on the remote end
[INFO  - 2017-02-13T10:02:11.898Z] Session [7d008b80-f1d3-11e6-af2f-e1059cfc06e2] - page.settings - {"XSSAuditingEnabled":false,"javascriptCanCloseWindows":true,"javascriptCanOpenWindows":true,"javascriptEnabled":true,"loadImages":true,"localToRemoteUrlAccessEnabled":false,"userAgent":"Mozilla/5.0 (Unknown; Linux x86_64) AppleWebKit/538.1 (KHTML, like Gecko) PhantomJS/2.1.1 Safari/538.1","webSecurityEnabled":true}
[INFO  - 2017-02-13T10:02:11.898Z] Session [7d008b80-f1d3-11e6-af2f-e1059cfc06e2] - page.customHeaders:  - {}
[INFO  - 2017-02-13T10:02:11.898Z] Session [7d008b80-f1d3-11e6-af2f-e1059cfc06e2] - Session.negotiatedCapabilities - {"browserName":"phantomjs","version":"2.1.1","driverName":"ghostdriver","driverVersion":"1.2.0","platform":"linux-unknown-64bit","javascriptEnabled":true,"takesScreenshot":true,"handlesAlerts":false,"databaseEnabled":false,"locationContextEnabled":false,"applicationCacheEnabled":false,"browserConnectionEnabled":false,"cssSelectorsEnabled":true,"webStorageEnabled":false,"rotatable":false,"acceptSslCerts":false,"nativeEvents":true,"proxy":{"proxyType":"direct"}}
[INFO  - 2017-02-13T10:02:11.898Z] SessionManagerReqHand - _postNewSessionCommand - New Session Created: 7d008b80-f1d3-11e6-af2f-e1059cfc06e2
feb 13, 2017 11:02:11 AM org.openqa.selenium.remote.ProtocolHandshake createSession
INFORMACIÓN: Detected dialect: OSS
[ERROR - 2017-02-13T10:02:28.164Z] WebElementLocator - _handleLocateCommand - Element(s) NOT Found: GAVE UP. Search Stop Time: 1486980148123

  phantomjs://platform/console++.js:263 in error
]]></system-err>
  </testcase>
  <testcase name="emailRequiredTest" classname="es.juntadeandalucia.TramitadoresTest" time="0">
    <error message="Could not initialize class es.juntadeandalucia.TramitadoresTest" type="java.lang.NoClassDefFoundError">java.lang.NoClassDefFoundError: Could not initialize class es.juntadeandalucia.TramitadoresTest
</error>
  </testcase>
  <testcase name="existOrganizacionFieldTest" classname="es.juntadeandalucia.TramitadoresTest" time="0">
    <error message="Could not initialize class es.juntadeandalucia.TramitadoresTest" type="java.lang.NoClassDefFoundError">java.lang.NoClassDefFoundError: Could not initialize class es.juntadeandalucia.TramitadoresTest
</error>
  </testcase>
  <testcase name="existNivelFieldTest" classname="es.juntadeandalucia.TramitadoresTest" time="0">
    <error message="Could not initialize class es.juntadeandalucia.TramitadoresTest" type="java.lang.NoClassDefFoundError">java.lang.NoClassDefFoundError: Could not initialize class es.juntadeandalucia.TramitadoresTest
</error>
  </testcase>
  <testcase name="newTramitadorTest" classname="es.juntadeandalucia.TramitadoresTest" time="0">
    <error message="Could not initialize class es.juntadeandalucia.TramitadoresTest" type="java.lang.NoClassDefFoundError">java.lang.NoClassDefFoundError: Could not initialize class es.juntadeandalucia.TramitadoresTest
</error>
  </testcase>
</testsuite>