<?xml version="1.0" encoding="UTF-8"?>
<testsuite xmlns:xsi="http://www.w3.org/2001/XMLSchema-instance" xsi:schemaLocation="https://maven.apache.org/surefire/maven-surefire-plugin/xsd/surefire-test-report.xsd" name="es.juntadeandalucia.InteresadosTest" time="16.264" tests="1" errors="1" skipped="0" failures="0">
  <properties>
[...]
</properties>
  <testcase name="CAP_F_048_modifyInterestedTest" classname="es.juntadeandalucia.InteresadosTest" time="0.002">
    <error type="java.lang.ExceptionInInitializerError"><![CDATA[java.lang.ExceptionInInitializerError
	at es.juntadeandalucia.InteresadosTest.<clinit>(InteresadosTest.java:16)
Caused by: org.openqa.selenium.remote.ScreenshotException: 
Screen shot has been taken
Build info: version: '3.0.1', revision: '1969d75', time: '2016-10-18 09:49:13 -0700'
System info: host: 'fede-ESPRIMO-P920', ip: '127.0.1.1', os.name: 'Linux', os.arch: 'amd64', os.version: '3.13.0-98-generic', java.version: '1.8.0_101'
Driver info: driver.version: RemoteWebDriver
	at es.juntadeandalucia.InteresadosTest.<clinit>(InteresadosTest.java:16)
Caused by: org.openqa.selenium.NoSuchElementException: 
{"errorMessage":"Unable to find element with id 'login'","request":{"headers":{"Accept-Encoding":"gzip,deflate","Connection":"Keep-Alive","Content-Length":"30","Content-Type":"application/json; charset=utf-8","Host":"localhost:25673","User-Agent":"Apache-HttpClient/4.5.2 (Java/1.8.0_101)"},"httpVersion":"1.1","method":"POST","post":"{\"using\":\"id\",\"value\":\"login\"}","url":"/element","urlParsed":{"anchor":"","query":"","file":"element","directory":"/","path":"/element","relative":"/element","port":"","host":"","password":"","user":"","userInfo":"","authority":"","protocol":"","source":"/element","queryKey":{},"chunks":["element"]},"urlOriginal":"/session/7d008b80-f1d3-11e6-af2f-e1059cfc06e2/element"}}
For documentation on this error, please visit: http://seleniumhq.org/exceptions/no_such_element.html
Build info: version: '3.0.1', revision: '1969d75', time: '2016-10-18 09:49:13 -0700'
System info: host: 'fede-ESPRIMO-P920', ip: '127.0.1.1', os.name: 'Linux', os.arch: 'amd64', os.version: '3.13.0-98-generic', java.version: '1.8.0_101'
Driver info: driver.version: unknown
]]></error>
    <system-err><![CDATA[[ERROR - 2017-02-13T10:02:44.497Z] WebElementLocator - _handleLocateCommand - Element(s) NOT Found: GAVE UP. Search Stop Time: 1486980164479

  phantomjs://platform/console++.js:263 in error
]]></system-err>
  </testcase>
</testsuite>