<?xml version="1.0" encoding="UTF-8"?>
<testsuite xmlns:xsi="http://www.w3.org/2001/XMLSchema-instance" xsi:schemaLocation="https://maven.apache.org/surefire/maven-surefire-plugin/xsd/surefire-test-report.xsd" name="es.juntadeandalucia.JunitTestSuite" time="55.604" tests="3" errors="3" skipped="0" failures="0">
  <properties>
[...]
</properties>
  <testcase name="CAP_S_001_doLoginTest" classname="es.juntadeandalucia.LoginTest" time="16.265">
    <error message="{&quot;errorMessage&quot;:&quot;Unable to find element with id &apos;login&apos;&quot;,&quot;request&quot;:{&quot;headers&quot;:{&quot;Accept-Encoding&quot;:&quot;gzip,deflate&quot;,&quot;Connection&quot;:&quot;Keep-Alive&quot;,&quot;Content-Length&quot;:&quot;30&quot;,&quot;Content-Type&quot;:&quot;application/json; charset=utf-8&quot;,&quot;Host&quot;:&quot;localhost:11092&quot;,&quot;User-Agent&quot;:&quot;Apache-HttpClient/4.5.2 (Java/1.8.0_101)&quot;},&quot;httpVersion&quot;:&quot;1.1&quot;,&quot;method&quot;:&quot;POST&quot;,&quot;post&quot;:&quot;{\&quot;using\&quot;:\&quot;id\&quot;,\&quot;value\&quot;:\&quot;login\&quot;}&quot;,&quot;url&quot;:&quot;/element&quot;,&quot;urlParsed&quot;:{&quot;anchor&quot;:&quot;&quot;,&quot;query&quot;:&quot;&quot;,&quot;file&quot;:&quot;element&quot;,&quot;directory&quot;:&quot;/&quot;,&quot;path&quot;:&quot;/element&quot;,&quot;relative&quot;:&quot;/element&quot;,&quot;port&quot;:&quot;&quot;,&quot;host&quot;:&quot;&quot;,&quot;password&quot;:&quot;&quot;,&quot;user&quot;:&quot;&quot;,&quot;userInfo&quot;:&quot;&quot;,&quot;authority&quot;:&quot;&quot;,&quot;protocol&quot;:&quot;&quot;,&quot;source&quot;:&quot;/element&quot;,&quot;queryKey&quot;:{},&quot;chunks&quot;:[&quot;element&quot;]},&quot;urlOriginal&quot;:&quot;/session/f5e64080-f1d3-11e6-bb8a-6b3b4302eba0/element&quot;}}&#10;Command duration or timeout: 10.15 seconds&#10;For documentation on this error, please visit: http://seleniumhq.org/exceptions/no_such_element.html&#10;Build info: version: &apos;3.0.1&apos;, revision: &apos;1969d75&apos;, time: &apos;2016-10-18 09:49:13 -0700&apos;&#10;System info: host: &apos;fede-ESPRIMO-P920&apos;, ip: &apos;127.0.1.1&apos;, os.name: &apos;Linux&apos;, os.arch: &apos;amd64&apos;, os.version: &apos;3.13.0-98-generic&apos;, java.version: &apos;1.8.0_101&apos;&#10;Driver info: org.openqa.selenium.phantomjs.PhantomJSDriver&#10;Capabilities [{applicationCacheEnabled=false, rotatable=false, handlesAlerts=false, databaseEnabled=false, version=2.1.1, platform=LINUX, browserConnectionEnabled=false, proxy={proxyType=direct}, nativeEvents=true, acceptSslCerts=false, driverVersion=1.2.0, locationContextEnabled=false, webStorageEnabled=false, browserName=phantomjs, takesScreenshot=true, driverName=ghostdriver, javascriptEnabled=true, cssSelectorsEnabled=true}]&#10;Session ID: f5e64080-f1d3-11e6-bb8a-6b3b4302eba0&#10;*** Element info: {Using=id, value=login}" type="org.openqa.selenium.NoSuchElementException">org.openqa.selenium.NoSuchElementException: 
{"errorMessage":"Unable to find element with id 'login'","request":{"headers":{"Accept-Encoding":"gzip,deflate","Connection":"Keep-Alive","Content-Length":"30","Content-Type":"application/json; charset=utf-8","Host":"localhost:11092","User-Agent":"Apache-HttpClient/4.5.2 (Java/1.8.0_101)"},"httpVersion":"1.1","method":"POST","post":"{\"using\":\"id\",\"value\":\"login\"}","url":"/element","urlParsed":{"anchor":"","query":"","file":"element","directory":"/","path":"/element","relative":"/element","port":"","host":"","password":"","user":"","userInfo":"","authority":"","protocol":"","source":"/element","queryKey":{},"chunks":["element"]},"urlOriginal":"/session/f5e64080-f1d3-11e6-bb8a-6b3b4302eba0/element"}}
Command duration or timeout: 10.15 seconds
For documentation on this error, please visit: http://seleniumhq.org/exceptions/no_such_element.html
Build info: version: '3.0.1', revision: '1969d75', time: '2016-10-18 09:49:13 -0700'
System info: host: 'fede-ESPRIMO-P920', ip: '127.0.1.1', os.name: 'Linux', os.arch: 'amd64', os.version: '3.13.0-98-generic', java.version: '1.8.0_101'
Driver info: org.openqa.selenium.phantomjs.PhantomJSDriver
Capabilities [{applicationCacheEnabled=false, rotatable=false, handlesAlerts=false, databaseEnabled=false, version=2.1.1, platform=LINUX, browserConnectionEnabled=false, proxy={proxyType=direct}, nativeEvents=true, acceptSslCerts=false, driverVersion=1.2.0, locationContextEnabled=false, webStorageEnabled=false, browserName=phantomjs, takesScreenshot=true, driverName=ghostdriver, javascriptEnabled=true, cssSelectorsEnabled=true}]
Session ID: f5e64080-f1d3-11e6-bb8a-6b3b4302eba0
*** Element info: {Using=id, value=login}
	at es.juntadeandalucia.LoginTest.CAP_S_001_doLoginTest(LoginTest.java:20)
Caused by: org.openqa.selenium.remote.ScreenshotException: 
Screen shot has been taken
Build info: version: '3.0.1', revision: '1969d75', time: '2016-10-18 09:49:13 -0700'
System info: host: 'fede-ESPRIMO-P920', ip: '127.0.1.1', os.name: 'Linux', os.arch: 'amd64', os.version: '3.13.0-98-generic', java.version: '1.8.0_101'
Driver info: driver.version: RemoteWebDriver
	at es.juntadeandalucia.LoginTest.CAP_S_001_doLoginTest(LoginTest.java:20)
Caused by: org.openqa.selenium.NoSuchElementException: 
{"errorMessage":"Unable to find element with id 'login'","request":{"headers":{"Accept-Encoding":"gzip,deflate","Connection":"Keep-Alive","Content-Length":"30","Content-Type":"application/json; charset=utf-8","Host":"localhost:11092","User-Agent":"Apache-HttpClient/4.5.2 (Java/1.8.0_101)"},"httpVersion":"1.1","method":"POST","post":"{\"using\":\"id\",\"value\":\"login\"}","url":"/element","urlParsed":{"anchor":"","query":"","file":"element","directory":"/","path":"/element","relative":"/element","port":"","host":"","password":"","user":"","userInfo":"","authority":"","protocol":"","source":"/element","queryKey":{},"chunks":["element"]},"urlOriginal":"/session/f5e64080-f1d3-11e6-bb8a-6b3b4302eba0/element"}}
For documentation on this error, please visit: http://seleniumhq.org/exceptions/no_such_element.html
Build info: version: '3.0.1', revision: '1969d75', time: '2016-10-18 09:49:13 -0700'
System info: host: 'fede-ESPRIMO-P920', ip: '127.0.1.1', os.name: 'Linux', os.arch: 'amd64', os.version: '3.13.0-98-generic', java.version: '1.8.0_101'
Driver info: driver.version: unknown
</error>
    <system-err><![CDATA[feb 13, 2017 11:05:34 AM org.openqa.selenium.phantomjs.PhantomJSDriverService <init>
INFORMACIÓN: executable: /home/fede/Fujitsu/ARENA_SELENIUM/git/ArenaSeleniumTests/bin/phantomjs
feb 13, 2017 11:05:34 AM org.openqa.selenium.phantomjs.PhantomJSDriverService <init>
INFORMACIÓN: port: 11092
feb 13, 2017 11:05:34 AM org.openqa.selenium.phantomjs.PhantomJSDriverService <init>
INFORMACIÓN: arguments: [--webdriver=11092, --webdriver-logfile=/home/fede/Fujitsu/ARENA_SELENIUM/git/ArenaSeleniumTests/phantomjsdriver.log]
feb 13, 2017 11:05:34 AM org.openqa.selenium.phantomjs.PhantomJSDriverService <init>
INFORMACIÓN: environment: {}
[INFO  - 2017-02-13T10:05:34.630Z] GhostDriver - Main - running on port 11092
feb 13, 2017 11:05:34 AM org.openqa.selenium.remote.ProtocolHandshake createSession
INFORMACIÓN: Attempting bi-dialect session, assuming Postel's Law holds true on the remote end
[INFO  - 2017-02-13T10:05:34.730Z] Session [f5e64080-f1d3-11e6-bb8a-6b3b4302eba0] - page.settings - {"XSSAuditingEnabled":false,"javascriptCanCloseWindows":true,"javascriptCanOpenWindows":true,"javascriptEnabled":true,"loadImages":true,"localToRemoteUrlAccessEnabled":false,"userAgent":"Mozilla/5.0 (Unknown; Linux x86_64) AppleWebKit/538.1 (KHTML, like Gecko) PhantomJS/2.1.1 Safari/538.1","webSecurityEnabled":true}
[INFO  - 2017-02-13T10:05:34.730Z] Session [f5e64080-f1d3-11e6-bb8a-6b3b4302eba0] - page.customHeaders:  - {}
[INFO  - 2017-02-13T10:05:34.731Z] Session [f5e64080-f1d3-11e6-bb8a-6b3b4302eba0] - Session.negotiatedCapabilities - {"browserName":"phantomjs","version":"2.1.1","driverName":"ghostdriver","driverVersion":"1.2.0","platform":"linux-unknown-64bit","javascriptEnabled":true,"takesScreenshot":true,"handlesAlerts":false,"databaseEnabled":false,"locationContextEnabled":false,"applicationCacheEnabled":false,"browserConnectionEnabled":false,"cssSelectorsEnabled":true,"webStorageEnabled":false,"rotatable":false,"acceptSslCerts":false,"nativeEvents":true,"proxy":{"proxyType":"direct"}}
[INFO  - 2017-02-13T10:05:34.731Z] SessionManagerReqHand - _postNewSessionCommand - New Session Created: f5e64080-f1d3-11e6-bb8a-6b3b4302eba0
feb 13, 2017 11:05:34 AM org.openqa.selenium.remote.ProtocolHandshake createSession
INFORMACIÓN: Detected dialect: OSS
[ERROR - 2017-02-13T10:05:56.999Z] WebElementLocator - _handleLocateCommand - Element(s) NOT Found: GAVE UP. Search Stop Time: 1486980356988

  phantomjs://platform/console++.js:263 in error
]]></system-err>
  </testcase>
  <testcase name="es.juntadeandalucia.InteresadosTest" classname="es.juntadeandalucia.InteresadosTest" time="32.57">
    <error message="{&quot;errorMessage&quot;:&quot;Unable to find element with id &apos;login&apos;&quot;,&quot;request&quot;:{&quot;headers&quot;:{&quot;Accept-Encoding&quot;:&quot;gzip,deflate&quot;,&quot;Connection&quot;:&quot;Keep-Alive&quot;,&quot;Content-Length&quot;:&quot;30&quot;,&quot;Content-Type&quot;:&quot;application/json; charset=utf-8&quot;,&quot;Host&quot;:&quot;localhost:11092&quot;,&quot;User-Agent&quot;:&quot;Apache-HttpClient/4.5.2 (Java/1.8.0_101)&quot;},&quot;httpVersion&quot;:&quot;1.1&quot;,&quot;method&quot;:&quot;POST&quot;,&quot;post&quot;:&quot;{\&quot;using\&quot;:\&quot;id\&quot;,\&quot;value\&quot;:\&quot;login\&quot;}&quot;,&quot;url&quot;:&quot;/element&quot;,&quot;urlParsed&quot;:{&quot;anchor&quot;:&quot;&quot;,&quot;query&quot;:&quot;&quot;,&quot;file&quot;:&quot;element&quot;,&quot;directory&quot;:&quot;/&quot;,&quot;path&quot;:&quot;/element&quot;,&quot;relative&quot;:&quot;/element&quot;,&quot;port&quot;:&quot;&quot;,&quot;host&quot;:&quot;&quot;,&quot;password&quot;:&quot;&quot;,&quot;user&quot;:&quot;&quot;,&quot;userInfo&quot;:&quot;&quot;,&quot;authority&quot;:&quot;&quot;,&quot;protocol&quot;:&quot;&quot;,&quot;source&quot;:&quot;/element&quot;,&quot;queryKey&quot;:{},&quot;chunks&quot;:[&quot;element&quot;]},&quot;urlOriginal&quot;:&quot;/session/f5e64080-f1d3-11e6-bb8a-6b3b4302eba0/element&quot;}}&#10;Command duration or timeout: 10.16 seconds&#10;For documentation on this error, please visit: http://seleniumhq.org/exceptions/no_such_element.html&#10;Build info: version: &apos;3.0.1&apos;, revision: &apos;1969d75&apos;, time: &apos;2016-10-18 09:49:13 -0700&apos;&#10;System info: host: &apos;fede-ESPRIMO-P920&apos;, ip: &apos;127.0.1.1&apos;, os.name: &apos;Linux&apos;, os.arch: &apos;amd64&apos;, os.version: &apos;3.13.0-98-generic&apos;, java.version: &apos;1.8.0_101&apos;&#10;Driver info: org.openqa.selenium.phantomjs.PhantomJSDriver&#10;Capabilities [{applicationCacheEnabled=false, rotatable=false, handlesAlerts=false, databaseEnabled=false, version=2.1.1, platform=LINUX, browserConnectionEnabled=false, proxy={proxyType=direct}, nativeEvents=true, acceptSslCerts=false, driverVersion=1.2.0, locationContextEnabled=false, webStorageEnabled=false, browserName=phantomjs, takesScreenshot=true, driverName=ghostdriver, javascriptEnabled=true, cssSelectorsEnabled=true}]&#10;Session ID: f5e64080-f1d3-11e6-bb8a-6b3b4302eba0&#10;*** Element info: {Using=id, value=login}" type="org.openqa.selenium.NoSuchElementException">org.openqa.selenium.NoSuchElementException: 
{"errorMessage":"Unable to find element with id 'login'","request":{"headers":{"Accept-Encoding":"gzip,deflate","Connection":"Keep-Alive","Content-Length":"30","Content-Type":"application/json; charset=utf-8","Host":"localhost:11092","User-Agent":"Apache-HttpClient/4.5.2 (Java/1.8.0_101)"},"httpVersion":"1.1","method":"POST","post":"{\"using\":\"id\",\"value\":\"login\"}","url":"/element","urlParsed":{"anchor":"","query":"","file":"element","directory":"/","path":"/element","relative":"/element","port":"","host":"","password":"","user":"","userInfo":"","authority":"","protocol":"","source":"/element","queryKey":{},"chunks":["element"]},"urlOriginal":"/session/f5e64080-f1d3-11e6-bb8a-6b3b4302eba0/element"}}
Command duration or timeout: 10.16 seconds
For documentation on this error, please visit: http://seleniumhq.org/exceptions/no_such_element.html
Build info: version: '3.0.1', revision: '1969d75', time: '2016-10-18 09:49:13 -0700'
System info: host: 'fede-ESPRIMO-P920', ip: '127.0.1.1', os.name: 'Linux', os.arch: 'amd64', os.version: '3.13.0-98-generic', java.version: '1.8.0_101'
Driver info: org.openqa.selenium.phantomjs.PhantomJSDriver
Capabilities [{applicationCacheEnabled=false, rotatable=false, handlesAlerts=false, databaseEnabled=false, version=2.1.1, platform=LINUX, browserConnectionEnabled=false, proxy={proxyType=direct}, nativeEvents=true, acceptSslCerts=false, driverVersion=1.2.0, locationContextEnabled=false, webStorageEnabled=false, browserName=phantomjs, takesScreenshot=true, driverName=ghostdriver, javascriptEnabled=true, cssSelectorsEnabled=true}]
Session ID: f5e64080-f1d3-11e6-bb8a-6b3b4302eba0
*** Element info: {Using=id, value=login}
	at es.juntadeandalucia.InteresadosTest.doLogin(InteresadosTest.java:26)
Caused by: org.openqa.selenium.remote.ScreenshotException: 
Screen shot has been taken
Build info: version: '3.0.1', revision: '1969d75', time: '2016-10-18 09:49:13 -0700'
System info: host: 'fede-ESPRIMO-P920', ip: '127.0.1.1', os.name: 'Linux', os.arch: 'amd64', os.version: '3.13.0-98-generic', java.version: '1.8.0_101'
Driver info: driver.version: RemoteWebDriver
	at es.juntadeandalucia.InteresadosTest.doLogin(InteresadosTest.java:26)
Caused by: org.openqa.selenium.NoSuchElementException: 
{"errorMessage":"Unable to find element with id 'login'","request":{"headers":{"Accept-Encoding":"gzip,deflate","Connection":"Keep-Alive","Content-Length":"30","Content-Type":"application/json; charset=utf-8","Host":"localhost:11092","User-Agent":"Apache-HttpClient/4.5.2 (Java/1.8.0_101)"},"httpVersion":"1.1","method":"POST","post":"{\"using\":\"id\",\"value\":\"login\"}","url":"/element","urlParsed":{"anchor":"","query":"","file":"element","directory":"/","path":"/element","relative":"/element","port":"","host":"","password":"","user":"","userInfo":"","authority":"","protocol":"","source":"/element","queryKey":{},"chunks":["element"]},"urlOriginal":"/session/f5e64080-f1d3-11e6-bb8a-6b3b4302eba0/element"}}
For documentation on this error, please visit: http://seleniumhq.org/exceptions/no_such_element.html
Build info: version: '3.0.1', revision: '1969d75', time: '2016-10-18 09:49:13 -0700'
System info: host: 'fede-ESPRIMO-P920', ip: '127.0.1.1', os.name: 'Linux', os.arch: 'amd64', os.version: '3.13.0-98-generic', java.version: '1.8.0_101'
Driver info: driver.version: unknown
</error>
    <system-err><![CDATA[[ERROR - 2017-02-13T10:06:13.321Z] WebElementLocator - _handleLocateCommand - Element(s) NOT Found: GAVE UP. Search Stop Time: 1486980373275

  phantomjs://platform/console++.js:263 in error
]]></system-err>
  </testcase>
  <testcase name="es.juntadeandalucia.TramitadoresTest" classname="es.juntadeandalucia.TramitadoresTest" time="48.872">
    <error message="{&quot;errorMessage&quot;:&quot;Unable to find element with id &apos;login&apos;&quot;,&quot;request&quot;:{&quot;headers&quot;:{&quot;Accept-Encoding&quot;:&quot;gzip,deflate&quot;,&quot;Connection&quot;:&quot;Keep-Alive&quot;,&quot;Content-Length&quot;:&quot;30&quot;,&quot;Content-Type&quot;:&quot;application/json; charset=utf-8&quot;,&quot;Host&quot;:&quot;localhost:11092&quot;,&quot;User-Agent&quot;:&quot;Apache-HttpClient/4.5.2 (Java/1.8.0_101)&quot;},&quot;httpVersion&quot;:&quot;1.1&quot;,&quot;method&quot;:&quot;POST&quot;,&quot;post&quot;:&quot;{\&quot;using\&quot;:\&quot;id\&quot;,\&quot;value\&quot;:\&quot;login\&quot;}&quot;,&quot;url&quot;:&quot;/element&quot;,&quot;urlParsed&quot;:{&quot;anchor&quot;:&quot;&quot;,&quot;query&quot;:&quot;&quot;,&quot;file&quot;:&quot;element&quot;,&quot;directory&quot;:&quot;/&quot;,&quot;path&quot;:&quot;/element&quot;,&quot;relative&quot;:&quot;/element&quot;,&quot;port&quot;:&quot;&quot;,&quot;host&quot;:&quot;&quot;,&quot;password&quot;:&quot;&quot;,&quot;user&quot;:&quot;&quot;,&quot;userInfo&quot;:&quot;&quot;,&quot;authority&quot;:&quot;&quot;,&quot;protocol&quot;:&quot;&quot;,&quot;source&quot;:&quot;/element&quot;,&quot;queryKey&quot;:{},&quot;chunks&quot;:[&quot;element&quot;]},&quot;urlOriginal&quot;:&quot;/session/f5e64080-f1d3-11e6-bb8a-6b3b4302eba0/element&quot;}}&#10;Command duration or timeout: 10.17 seconds&#10;For documentation on this error, please visit: http://seleniumhq.org/exceptions/no_such_element.html&#10;Build info: version: &apos;3.0.1&apos;, revision: &apos;1969d75&apos;, time: &apos;2016-10-18 09:49:13 -0700&apos;&#10;System info: host: &apos;fede-ESPRIMO-P920&apos;, ip: &apos;127.0.1.1&apos;, os.name: &apos;Linux&apos;, os.arch: &apos;amd64&apos;, os.version: &apos;3.13.0-98-generic&apos;, java.version: &apos;1.8.0_101&apos;&#10;Driver info: org.openqa.selenium.phantomjs.PhantomJSDriver&#10;Capabilities [{applicationCacheEnabled=false, rotatable=false, handlesAlerts=false, databaseEnabled=false, version=2.1.1, platform=LINUX, browserConnectionEnabled=false, proxy={proxyType=direct}, nativeEvents=true, acceptSslCerts=false, driverVersion=1.2.0, locationContextEnabled=false, webStorageEnabled=false, browserName=phantomjs, takesScreenshot=true, driverName=ghostdriver, javascriptEnabled=true, cssSelectorsEnabled=true}]&#10;Session ID: f5e64080-f1d3-11e6-bb8a-6b3b4302eba0&#10;*** Element info: {Using=id, value=login}" type="org.openqa.selenium.NoSuchElementException">org.openqa.selenium.NoSuchElementException: 
{"errorMessage":"Unable to find element with id 'login'","request":{"headers":{"Accept-Encoding":"gzip,deflate","Connection":"Keep-Alive","Content-Length":"30","Content-Type":"application/json; charset=utf-8","Host":"localhost:11092","User-Agent":"Apache-HttpClient/4.5.2 (Java/1.8.0_101)"},"httpVersion":"1.1","method":"POST","post":"{\"using\":\"id\",\"value\":\"login\"}","url":"/element","urlParsed":{"anchor":"","query":"","file":"element","directory":"/","path":"/element","relative":"/element","port":"","host":"","password":"","user":"","userInfo":"","authority":"","protocol":"","source":"/element","queryKey":{},"chunks":["element"]},"urlOriginal":"/session/f5e64080-f1d3-11e6-bb8a-6b3b4302eba0/element"}}
Command duration or timeout: 10.17 seconds
For documentation on this error, please visit: http://seleniumhq.org/exceptions/no_such_element.html
Build info: version: '3.0.1', revision: '1969d75', time: '2016-10-18 09:49:13 -0700'
System info: host: 'fede-ESPRIMO-P920', ip: '127.0.1.1', os.name: 'Linux', os.arch: 'amd64', os.version: '3.13.0-98-generic', java.version: '1.8.0_101'
Driver info: org.openqa.selenium.phantomjs.PhantomJSDriver
Capabilities [{applicationCacheEnabled=false, rotatable=false, handlesAlerts=false, databaseEnabled=false, version=2.1.1, platform=LINUX, browserConnectionEnabled=false, proxy={proxyType=direct}, nativeEvents=true, acceptSslCerts=false, driverVersion=1.2.0, locationContextEnabled=false, webStorageEnabled=false, browserName=phantomjs, takesScreenshot=true, driverName=ghostdriver, javascriptEnabled=true, cssSelectorsEnabled=true}]
Session ID: f5e64080-f1d3-11e6-bb8a-6b3b4302eba0
*** Element info: {Using=id, value=login}
	at es.juntadeandalucia.TramitadoresTest.doLogin(TramitadoresTest.java:23)
Caused by: org.openqa.selenium.remote.ScreenshotException: 
Screen shot has been taken
Build info: version: '3.0.1', revision: '1969d75', time: '2016-10-18 09:49:13 -0700'
System info: host: 'fede-ESPRIMO-P920', ip: '127.0.1.1', os.name: 'Linux', os.arch: 'amd64', os.version: '3.13.0-98-generic', java.version: '1.8.0_101'
Driver info: driver.version: RemoteWebDriver
	at es.juntadeandalucia.TramitadoresTest.doLogin(TramitadoresTest.java:23)
Caused by: org.openqa.selenium.NoSuchElementException: 
{"errorMessage":"Unable to find element with id 'login'","request":{"headers":{"Accept-Encoding":"gzip,deflate","Connection":"Keep-Alive","Content-Length":"30","Content-Type":"application/json; charset=utf-8","Host":"localhost:11092","User-Agent":"Apache-HttpClient/4.5.2 (Java/1.8.0_101)"},"httpVersion":"1.1","method":"POST","post":"{\"using\":\"id\",\"value\":\"login\"}","url":"/element","urlParsed":{"anchor":"","query":"","file":"element","directory":"/","path":"/element","relative":"/element","port":"","host":"","password":"","user":"","userInfo":"","authority":"","protocol":"","source":"/element","queryKey":{},"chunks":["element"]},"urlOriginal":"/session/f5e64080-f1d3-11e6-bb8a-6b3b4302eba0/element"}}
For documentation on this error, please visit: http://seleniumhq.org/exceptions/no_such_element.html
Build info: version: '3.0.1', revision: '1969d75', time: '2016-10-18 09:49:13 -0700'
System info: host: 'fede-ESPRIMO-P920', ip: '127.0.1.1', os.name: 'Linux', os.arch: 'amd64', os.version: '3.13.0-98-generic', java.version: '1.8.0_101'
Driver info: driver.version: unknown
</error>
    <system-err><![CDATA[[ERROR - 2017-02-13T10:06:29.621Z] WebElementLocator - _handleLocateCommand - Element(s) NOT Found: GAVE UP. Search Stop Time: 1486980389574

  phantomjs://platform/console++.js:263 in error
]]></system-err>
  </testcase>
</testsuite>